0 info it worked if it ends with ok
1 verbose cli [ '/usr/local/Cellar/node/0.12.2_1/bin/node',
1 verbose cli   '/usr/local/bin/npm',
1 verbose cli   'install',
1 verbose cli   'colorpicker',
1 verbose cli   '--save' ]
2 info using npm@2.14.4
3 info using node@v4.1.1
4 verbose install initial load of /Users/WYK46451/Workspaces/Github/arnabk/webtrader/package.json
5 warn package.json webtrader@1.3.4 license should be a valid SPDX license expression
6 verbose installManyTop reading scoped package data from /Users/WYK46451/Workspaces/Github/arnabk/webtrader/node_modules/grunt/package.json
7 verbose installManyTop reading scoped package data from /Users/WYK46451/Workspaces/Github/arnabk/webtrader/node_modules/grunt-bump/package.json
8 verbose installManyTop reading scoped package data from /Users/WYK46451/Workspaces/Github/arnabk/webtrader/node_modules/grunt-contrib-clean/package.json
9 verbose installManyTop reading scoped package data from /Users/WYK46451/Workspaces/Github/arnabk/webtrader/node_modules/grunt-contrib-concat/package.json
10 verbose installManyTop reading scoped package data from /Users/WYK46451/Workspaces/Github/arnabk/webtrader/node_modules/grunt-contrib-connect/package.json
11 verbose installManyTop reading scoped package data from /Users/WYK46451/Workspaces/Github/arnabk/webtrader/node_modules/grunt-contrib-copy/package.json
12 verbose installManyTop reading scoped package data from /Users/WYK46451/Workspaces/Github/arnabk/webtrader/node_modules/grunt-contrib-cssmin/package.json
13 verbose installManyTop reading scoped package data from /Users/WYK46451/Workspaces/Github/arnabk/webtrader/node_modules/grunt-contrib-htmlmin/package.json
14 verbose installManyTop reading scoped package data from /Users/WYK46451/Workspaces/Github/arnabk/webtrader/node_modules/grunt-contrib-jasmine/package.json
15 verbose installManyTop reading scoped package data from /Users/WYK46451/Workspaces/Github/arnabk/webtrader/node_modules/grunt-contrib-jshint/package.json
16 verbose installManyTop reading scoped package data from /Users/WYK46451/Workspaces/Github/arnabk/webtrader/node_modules/grunt-contrib-mincss/package.json
17 verbose installManyTop reading scoped package data from /Users/WYK46451/Workspaces/Github/arnabk/webtrader/node_modules/grunt-contrib-uglify/package.json
18 verbose installManyTop reading scoped package data from /Users/WYK46451/Workspaces/Github/arnabk/webtrader/node_modules/grunt-contrib-watch/package.json
19 verbose installManyTop reading scoped package data from /Users/WYK46451/Workspaces/Github/arnabk/webtrader/node_modules/grunt-gh-pages/package.json
20 verbose installManyTop reading scoped package data from /Users/WYK46451/Workspaces/Github/arnabk/webtrader/node_modules/grunt-remove-logging/package.json
21 verbose installManyTop reading scoped package data from /Users/WYK46451/Workspaces/Github/arnabk/webtrader/node_modules/grunt-rename/package.json
22 verbose installManyTop reading scoped package data from /Users/WYK46451/Workspaces/Github/arnabk/webtrader/node_modules/grunt-sloc/package.json
23 verbose installManyTop reading scoped package data from /Users/WYK46451/Workspaces/Github/arnabk/webtrader/node_modules/grunt-string-replace/package.json
24 verbose installManyTop reading scoped package data from /Users/WYK46451/Workspaces/Github/arnabk/webtrader/node_modules/grunt-text-replace/package.json
25 info package.json grunt-contrib-concat@0.5.1 No license field.
26 info package.json grunt@0.4.5 No license field.
27 info package.json grunt-contrib-clean@0.6.0 No license field.
28 info package.json grunt-contrib-cssmin@0.12.3 No license field.
29 info package.json grunt-contrib-htmlmin@0.4.0 No license field.
30 info package.json grunt-contrib-connect@0.9.0 No license field.
31 info package.json grunt-contrib-mincss@0.3.2 No license field.
32 info package.json grunt-contrib-jasmine@0.8.2 No license field.
33 info package.json grunt-contrib-uglify@0.8.1 No license field.
34 info package.json grunt-contrib-watch@0.6.1 No license field.
35 info package.json grunt-gh-pages@0.10.0 No license field.
36 info package.json grunt-rename@0.1.4 No license field.
37 info package.json grunt-remove-logging@0.2.1 No license field.
38 info package.json grunt-sloc@0.6.0 No license field.
39 info package.json grunt-string-replace@1.2.0 No license field.
40 info package.json grunt-text-replace@0.4.0 No license field.
41 verbose readDependencies loading dependencies from /Users/WYK46451/Workspaces/Github/arnabk/webtrader/package.json
42 silly cache add args [ 'colorpicker', null ]
43 verbose cache add spec colorpicker
44 silly cache add parsed spec Result {
44 silly cache add   raw: 'colorpicker',
44 silly cache add   scope: null,
44 silly cache add   name: 'colorpicker',
44 silly cache add   rawSpec: '',
44 silly cache add   spec: '*',
44 silly cache add   type: 'range' }
45 silly addNamed colorpicker@*
46 verbose addNamed "*" is a valid semver range for colorpicker
47 silly addNameRange { name: 'colorpicker', range: '*', hasData: false }
48 silly mapToRegistry name colorpicker
49 silly mapToRegistry using default registry
50 silly mapToRegistry registry https://registry.npmjs.org/
51 silly mapToRegistry uri https://registry.npmjs.org/colorpicker
52 verbose addNameRange registry:https://registry.npmjs.org/colorpicker not in flight; fetching
53 verbose request uri https://registry.npmjs.org/colorpicker
54 verbose request no auth needed
55 info attempt registry request try #1 at 5:36:11 PM
56 verbose request id 50cb9acc284071cd
57 http request GET https://registry.npmjs.org/colorpicker
58 http 404 https://registry.npmjs.org/colorpicker
59 verbose headers { 'content-type': 'application/json',
59 verbose headers   'cache-control': 'max-age=0',
59 verbose headers   'content-length': '2',
59 verbose headers   'accept-ranges': 'bytes',
59 verbose headers   date: 'Thu, 08 Oct 2015 23:36:11 GMT',
59 verbose headers   via: '1.1 varnish',
59 verbose headers   age: '0',
59 verbose headers   connection: 'keep-alive',
59 verbose headers   'x-served-by': 'cache-lax1424-LAX',
59 verbose headers   'x-cache': 'MISS',
59 verbose headers   'x-cache-hits': '0',
59 verbose headers   'x-timer': 'S1444347371.484382,VS0,VE52' }
60 silly get cb [ 404,
60 silly get   { 'content-type': 'application/json',
60 silly get     'cache-control': 'max-age=0',
60 silly get     'content-length': '2',
60 silly get     'accept-ranges': 'bytes',
60 silly get     date: 'Thu, 08 Oct 2015 23:36:11 GMT',
60 silly get     via: '1.1 varnish',
60 silly get     age: '0',
60 silly get     connection: 'keep-alive',
60 silly get     'x-served-by': 'cache-lax1424-LAX',
60 silly get     'x-cache': 'MISS',
60 silly get     'x-cache-hits': '0',
60 silly get     'x-timer': 'S1444347371.484382,VS0,VE52' } ]
61 verbose stack Error: Registry returned 404 for GET on https://registry.npmjs.org/colorpicker
61 verbose stack     at makeError (/usr/local/lib/node_modules/npm/node_modules/npm-registry-client/lib/request.js:263:12)
61 verbose stack     at CachingRegistryClient.<anonymous> (/usr/local/lib/node_modules/npm/node_modules/npm-registry-client/lib/request.js:241:14)
61 verbose stack     at Request._callback (/usr/local/lib/node_modules/npm/node_modules/npm-registry-client/lib/request.js:171:14)
61 verbose stack     at Request.self.callback (/usr/local/lib/node_modules/npm/node_modules/request/request.js:198:22)
61 verbose stack     at emitTwo (events.js:87:13)
61 verbose stack     at Request.emit (events.js:172:7)
61 verbose stack     at Request.<anonymous> (/usr/local/lib/node_modules/npm/node_modules/request/request.js:1073:14)
61 verbose stack     at emitOne (events.js:82:20)
61 verbose stack     at Request.emit (events.js:169:7)
61 verbose stack     at IncomingMessage.<anonymous> (/usr/local/lib/node_modules/npm/node_modules/request/request.js:1019:12)
62 verbose statusCode 404
63 verbose pkgid colorpicker
64 verbose cwd /Users/WYK46451/Workspaces/Github/arnabk/webtrader
65 error Darwin 14.5.0
66 error argv "/usr/local/Cellar/node/0.12.2_1/bin/node" "/usr/local/bin/npm" "install" "colorpicker" "--save"
67 error node v4.1.1
68 error npm  v2.14.4
69 error code E404
70 error 404 Registry returned 404 for GET on https://registry.npmjs.org/colorpicker
70 error 404
70 error 404 'colorpicker' is not in the npm registry.
70 error 404 You should bug the author to publish it (or use the name yourself!)
70 error 404 It was specified as a dependency of 'webtrader'
70 error 404
70 error 404 Note that you can also install from a
70 error 404 tarball, folder, http url, or git url.
71 verbose exit [ 1, true ]
